app-phone/build/intermediates/manifest_merge_blame_file/debug/processDebugMainManifest/manifest-merger-blame-debug-report.txt
1<?xml version="1.0" encoding="utf-8"?>
2<manifest xmlns:android="http://schemas.android.com/apk/res/android"
3    package="com.crewcomms.phone"
4    android:versionCode="1"
5    android:versionName="1.0" >
6
7    <uses-sdk
8        android:minSdkVersion="26"
9        android:targetSdkVersion="35" />
10
11    <uses-permission android:name="android.permission.BLUETOOTH_SCAN" />
11-->src/main/AndroidManifest.xml:3:5-73
11-->src/main/AndroidManifest.xml:3:22-70
12    <uses-permission android:name="android.permission.BLUETOOTH_CONNECT" />
12-->src/main/AndroidManifest.xml:4:5-76
12-->src/main/AndroidManifest.xml:4:22-73
13    <uses-permission android:name="android.permission.BLUETOOTH_ADVERTISE" />
13-->src/main/AndroidManifest.xml:5:5-78
13-->src/main/AndroidManifest.xml:5:22-75
14    <uses-permission android:name="android.permission.ACCESS_FINE_LOCATION" />
14-->src/main/AndroidManifest.xml:6:5-79
14-->src/main/AndroidManifest.xml:6:22-76
15    <uses-permission android:name="android.permission.NEARBY_WIFI_DEVICES" />
15-->src/main/AndroidManifest.xml:7:5-78
15-->src/main/AndroidManifest.xml:7:22-75
16    <uses-permission android:name="android.permission.POST_NOTIFICATIONS" />
16-->src/main/AndroidManifest.xml:8:5-77
16-->src/main/AndroidManifest.xml:8:22-74
17    <uses-permission android:name="android.permission.RECORD_AUDIO" />
17-->src/main/AndroidManifest.xml:9:5-71
17-->src/main/AndroidManifest.xml:9:22-68
18    <uses-permission android:name="android.permission.INTERNET" />
18-->src/main/AndroidManifest.xml:10:5-67
18-->src/main/AndroidManifest.xml:10:22-64
19    <uses-permission android:name="android.permission.ACCESS_WIFI_STATE" />
19-->src/main/AndroidManifest.xml:11:5-76
19-->src/main/AndroidManifest.xml:11:22-73
20    <uses-permission android:name="android.permission.FOREGROUND_SERVICE" />
20-->src/main/AndroidManifest.xml:12:5-77
20-->src/main/AndroidManifest.xml:12:22-74
21    <uses-permission android:name="android.permission.FOREGROUND_SERVICE_CONNECTED_DEVICE" />
21-->src/main/AndroidManifest.xml:13:5-94
21-->src/main/AndroidManifest.xml:13:22-91
22    <uses-permission android:name="android.permission.VIBRATE" />
22-->src/main/AndroidManifest.xml:14:5-66
22-->src/main/AndroidManifest.xml:14:22-63
23    <uses-permission android:name="android.permission.CHANGE_NETWORK_STATE" />
23-->src/main/AndroidManifest.xml:15:5-79
23-->src/main/AndroidManifest.xml:15:22-76
24    <uses-permission android:name="android.permission.CHANGE_WIFI_STATE" />
24-->src/main/AndroidManifest.xml:16:5-76
24-->src/main/AndroidManifest.xml:16:22-73
25    <uses-permission android:name="android.permission.CHANGE_WIFI_MULTICAST_STATE" />
25-->src/main/AndroidManifest.xml:17:5-86
25-->src/main/AndroidManifest.xml:17:22-83
26    <uses-permission android:name="android.permission.ACCESS_NETWORK_STATE" />
26-->[com.google.android.gms:play-services-nearby:19.3.0] AndroidManifest.xml:6:5-79
26-->[com.google.android.gms:play-services-nearby:19.3.0] AndroidManifest.xml:6:22-76
27
28    <permission
28-->[androidx.core:core:1.13.1] AndroidManifest.xml:22:5-24:47
29        android:name="com.crewcomms.phone.DYNAMIC_RECEIVER_NOT_EXPORTED_PERMISSION"
29-->[androidx.core:core:1.13.1] AndroidManifest.xml:23:9-81
30        android:protectionLevel="signature" />
30-->[androidx.core:core:1.13.1] AndroidManifest.xml:24:9-44
31
32    <uses-permission android:name="com.crewcomms.phone.DYNAMIC_RECEIVER_NOT_EXPORTED_PERMISSION" />
32-->[androidx.core:core:1.13.1] AndroidManifest.xml:26:5-97
32-->[androidx.core:core:1.13.1] AndroidManifest.xml:26:22-94
33
34    <application
34-->src/main/AndroidManifest.xml:19:5-56:19
35        android:name="com.crewcomms.phone.CrewCommsPhoneApp"
35-->src/main/AndroidManifest.xml:20:9-42
36        android:allowBackup="true"
36-->src/main/AndroidManifest.xml:21:9-35
37        android:appComponentFactory="androidx.core.app.CoreComponentFactory"
37-->[androidx.core:core:1.13.1] AndroidManifest.xml:28:18-86
38        android:debuggable="true"
39        android:extractNativeLibs="false"
40        android:icon="@android:drawable/stat_notify_sync"
40-->src/main/AndroidManifest.xml:22:9-58
41        android:label="CrewComms"
41-->src/main/AndroidManifest.xml:23:9-34
42        android:supportsRtl="true"
42-->src/main/AndroidManifest.xml:24:9-35
43        android:theme="@style/Theme.CrewComms.Phone" >
43-->src/main/AndroidManifest.xml:25:9-53
44        <activity
44-->src/main/AndroidManifest.xml:27:9-35:20
45            android:name="com.crewcomms.phone.MainActivity"
45-->src/main/AndroidManifest.xml:28:13-41
46            android:exported="true"
46-->src/main/AndroidManifest.xml:29:13-36
47            android:theme="@style/Theme.CrewComms.Phone" >
47-->src/main/AndroidManifest.xml:30:13-57
48            <intent-filter>
48-->src/main/AndroidManifest.xml:31:13-34:29
49                <action android:name="android.intent.action.MAIN" />
49-->src/main/AndroidManifest.xml:32:17-69
49-->src/main/AndroidManifest.xml:32:25-66
50
51                <category android:name="android.intent.category.LAUNCHER" />
51-->src/main/AndroidManifest.xml:33:17-77
51-->src/main/AndroidManifest.xml:33:27-74
52            </intent-filter>
53        </activity>
54
55        <service
55-->src/main/AndroidManifest.xml:37:9-48:19
56            android:name="com.crewcomms.phone.service.PhoneWearListenerService"
56-->src/main/AndroidManifest.xml:38:13-61
57            android:enabled="true"
57-->src/main/AndroidManifest.xml:39:13-35
58            android:exported="true" >
58-->src/main/AndroidManifest.xml:40:13-36
59            <intent-filter>
59-->src/main/AndroidManifest.xml:41:13-43:29
60                <action android:name="com.google.android.gms.wearable.BIND_LISTENER" />
60-->src/main/AndroidManifest.xml:42:17-88
60-->src/main/AndroidManifest.xml:42:25-85
61            </intent-filter>
62            <intent-filter>
62-->src/main/AndroidManifest.xml:44:13-47:29
63                <action android:name="com.google.android.gms.wearable.MESSAGE_RECEIVED" />
63-->src/main/AndroidManifest.xml:45:17-91
63-->src/main/AndroidManifest.xml:45:25-88
64
65                <data
65-->src/main/AndroidManifest.xml:46:17-100
66                    android:host="*"
66-->src/main/AndroidManifest.xml:46:45-61
67                    android:pathPrefix="/watch_command"
67-->src/main/AndroidManifest.xml:46:62-97
68                    android:scheme="wear" />
68-->src/main/AndroidManifest.xml:46:23-44
69            </intent-filter>
70        </service>
71        <service
71-->src/main/AndroidManifest.xml:50:9-54:63
72            android:name="com.crewcomms.phone.service.CrewSessionForegroundService"
72-->src/main/AndroidManifest.xml:51:13-65
73            android:enabled="true"
73-->src/main/AndroidManifest.xml:52:13-35
74            android:exported="false"
74-->src/main/AndroidManifest.xml:53:13-37
75            android:foregroundServiceType="connectedDevice" />
75-->src/main/AndroidManifest.xml:54:13-60
76        <service
76-->[com.google.android.gms:play-services-nearby:19.3.0] AndroidManifest.xml:9:9-214
77            android:name="com.google.android.gms.nearby.exposurenotification.WakeUpService"
77-->[com.google.android.gms:play-services-nearby:19.3.0] AndroidManifest.xml:9:18-97
78            android:exported="true"
78-->[com.google.android.gms:play-services-nearby:19.3.0] AndroidManifest.xml:9:98-121
79            android:permission="com.google.android.gms.nearby.exposurenotification.EXPOSURE_CALLBACK" />
79-->[com.google.android.gms:play-services-nearby:19.3.0] AndroidManifest.xml:9:122-211
80
81        <activity
81-->[com.google.android.gms:play-services-base:18.5.0] AndroidManifest.xml:5:9-173
82            android:name="com.google.android.gms.common.api.GoogleApiActivity"
82-->[com.google.android.gms:play-services-base:18.5.0] AndroidManifest.xml:5:19-85
83            android:exported="false"
83-->[com.google.android.gms:play-services-base:18.5.0] AndroidManifest.xml:5:146-170
84            android:theme="@android:style/Theme.Translucent.NoTitleBar" />
84-->[com.google.android.gms:play-services-base:18.5.0] AndroidManifest.xml:5:86-145
85        <activity
85-->[androidx.compose.ui:ui-tooling-android:1.7.0] AndroidManifest.xml:23:9-25:39
86            android:name="androidx.compose.ui.tooling.PreviewActivity"
86-->[androidx.compose.ui:ui-tooling-android:1.7.0] AndroidManifest.xml:24:13-71
87            android:exported="true" />
87-->[androidx.compose.ui:ui-tooling-android:1.7.0] AndroidManifest.xml:25:13-36
88
89        <provider
89-->[androidx.emoji2:emoji2:1.3.0] AndroidManifest.xml:24:9-32:20
90            android:name="androidx.startup.InitializationProvider"
90-->[androidx.emoji2:emoji2:1.3.0] AndroidManifest.xml:25:13-67
91            android:authorities="com.crewcomms.phone.androidx-startup"
91-->[androidx.emoji2:emoji2:1.3.0] AndroidManifest.xml:26:13-68
92            android:exported="false" >
92-->[androidx.emoji2:emoji2:1.3.0] AndroidManifest.xml:27:13-37
93            <meta-data
93-->[androidx.emoji2:emoji2:1.3.0] AndroidManifest.xml:29:13-31:52
94                android:name="androidx.emoji2.text.EmojiCompatInitializer"
94-->[androidx.emoji2:emoji2:1.3.0] AndroidManifest.xml:30:17-75
95                android:value="androidx.startup" />
95-->[androidx.emoji2:emoji2:1.3.0] AndroidManifest.xml:31:17-49
96            <meta-data
96-->[androidx.lifecycle:lifecycle-process:2.8.4] AndroidManifest.xml:29:13-31:52
97                android:name="androidx.lifecycle.ProcessLifecycleInitializer"
97-->[androidx.lifecycle:lifecycle-process:2.8.4] AndroidManifest.xml:30:17-78
98                android:value="androidx.startup" />
98-->[androidx.lifecycle:lifecycle-process:2.8.4] AndroidManifest.xml:31:17-49
99            <meta-data
99-->[androidx.profileinstaller:profileinstaller:1.3.1] AndroidManifest.xml:29:13-31:52
100                android:name="androidx.profileinstaller.ProfileInstallerInitializer"
100-->[androidx.profileinstaller:profileinstaller:1.3.1] AndroidManifest.xml:30:17-85
101                android:value="androidx.startup" />
101-->[androidx.profileinstaller:profileinstaller:1.3.1] AndroidManifest.xml:31:17-49
102        </provider>
103
104        <activity
104-->[androidx.compose.ui:ui-test-manifest:1.7.0] AndroidManifest.xml:23:9-25:39
105            android:name="androidx.activity.ComponentActivity"
105-->[androidx.compose.ui:ui-test-manifest:1.7.0] AndroidManifest.xml:24:13-63
106            android:exported="true" />
106-->[androidx.compose.ui:ui-test-manifest:1.7.0] AndroidManifest.xml:25:13-36
107
108        <service
108-->[androidx.room:room-runtime:2.6.1] AndroidManifest.xml:24:9-28:63
109            android:name="androidx.room.MultiInstanceInvalidationService"
109-->[androidx.room:room-runtime:2.6.1] AndroidManifest.xml:25:13-74
110            android:directBootAware="true"
110-->[androidx.room:room-runtime:2.6.1] AndroidManifest.xml:26:13-43
111            android:exported="false" />
111-->[androidx.room:room-runtime:2.6.1] AndroidManifest.xml:27:13-37
112
113        <meta-data
113-->[com.google.android.gms:play-services-basement:18.4.0] AndroidManifest.xml:6:9-122
114            android:name="com.google.android.gms.version"
114-->[com.google.android.gms:play-services-basement:18.4.0] AndroidManifest.xml:6:20-65
115            android:value="@integer/google_play_services_version" />
115-->[com.google.android.gms:play-services-basement:18.4.0] AndroidManifest.xml:6:66-119
116
117        <receiver
117-->[androidx.profileinstaller:profileinstaller:1.3.1] AndroidManifest.xml:34:9-52:20
118            android:name="androidx.profileinstaller.ProfileInstallReceiver"
118-->[androidx.profileinstaller:profileinstaller:1.3.1] AndroidManifest.xml:35:13-76
119            android:directBootAware="false"
119-->[androidx.profileinstaller:profileinstaller:1.3.1] AndroidManifest.xml:36:13-44
120            android:enabled="true"
120-->[androidx.profileinstaller:profileinstaller:1.3.1] AndroidManifest.xml:37:13-35
121            android:exported="true"
121-->[androidx.profileinstaller:profileinstaller:1.3.1] AndroidManifest.xml:38:13-36
122            android:permission="android.permission.DUMP" >
122-->[androidx.profileinstaller:profileinstaller:1.3.1] AndroidManifest.xml:39:13-57
123            <intent-filter>
123-->[androidx.profileinstaller:profileinstaller:1.3.1] AndroidManifest.xml:40:13-42:29
124                <action android:name="androidx.profileinstaller.action.INSTALL_PROFILE" />
124-->[androidx.profileinstaller:profileinstaller:1.3.1] AndroidManifest.xml:41:17-91
124-->[androidx.profileinstaller:profileinstaller:1.3.1] AndroidManifest.xml:41:25-88
125            </intent-filter>
126            <intent-filter>
126-->[androidx.profileinstaller:profileinstaller:1.3.1] AndroidManifest.xml:43:13-45:29
127                <action android:name="androidx.profileinstaller.action.SKIP_FILE" />
127-->[androidx.profileinstaller:profileinstaller:1.3.1] AndroidManifest.xml:44:17-85
127-->[androidx.profileinstaller:profileinstaller:1.3.1] AndroidManifest.xml:44:25-82
128            </intent-filter>
129            <intent-filter>
129-->[androidx.profileinstaller:profileinstaller:1.3.1] AndroidManifest.xml:46:13-48:29
130                <action android:name="androidx.profileinstaller.action.SAVE_PROFILE" />
130-->[androidx.profileinstaller:profileinstaller:1.3.1] AndroidManifest.xml:47:17-88
130-->[androidx.profileinstaller:profileinstaller:1.3.1] AndroidManifest.xml:47:25-85
131            </intent-filter>
132            <intent-filter>
132-->[androidx.profileinstaller:profileinstaller:1.3.1] AndroidManifest.xml:49:13-51:29
133                <action android:name="androidx.profileinstaller.action.BENCHMARK_OPERATION" />
133-->[androidx.profileinstaller:profileinstaller:1.3.1] AndroidManifest.xml:50:17-95
133-->[androidx.profileinstaller:profileinstaller:1.3.1] AndroidManifest.xml:50:25-92
134            </intent-filter>
135        </receiver>
136    </application>
137
138</manifest>